0 info it worked if it ends with ok
1 verbose cli [ '/usr/local/bin/node', '/usr/local/bin/npm', 'install' ]
2 info using npm@2.7.4
3 info using node@v0.12.2
4 error install Couldn't read dependencies
5 verbose stack Error: Failed to parse json
5 verbose stack Unexpected token 'g' at 5:3
5 verbose stack 	"grunt-contrib-jasmine":"~0.6.3"
5 verbose stack 	 ^
5 verbose stack     at parseError (/usr/local/lib/node_modules/npm/node_modules/read-package-json/read-json.js:406:25)
5 verbose stack     at parseJson (/usr/local/lib/node_modules/npm/node_modules/read-package-json/read-json.js:86:51)
5 verbose stack     at /usr/local/lib/node_modules/npm/node_modules/read-package-json/read-json.js:60:33
5 verbose stack     at evalmachine.<anonymous>:334:14
5 verbose stack     at /usr/local/lib/node_modules/npm/node_modules/graceful-fs/graceful-fs.js:102:5
5 verbose stack     at FSReqWrap.oncomplete (evalmachine.<anonymous>:95:15)
6 verbose cwd /home/wlchair/Desktop/git/test
7 error Linux 3.16.0-33-generic
8 error argv "/usr/local/bin/node" "/usr/local/bin/npm" "install"
9 error node v0.12.2
10 error npm  v2.7.4
11 error file /home/wlchair/Desktop/git/test/package.json
12 error code EJSONPARSE
13 error Failed to parse json
13 error Unexpected token 'g' at 5:3
13 error 	"grunt-contrib-jasmine":"~0.6.3"
13 error 	 ^
14 error File: /home/wlchair/Desktop/git/test/package.json
15 error Failed to parse package.json data.
15 error package.json must be actual JSON, not just JavaScript.
15 error
15 error This is not a bug in npm.
15 error Tell the package author to fix their package.json file. JSON.parse
16 verbose exit [ 1, true ]
